<?xml version="1.0" encoding="UTF-8"?>
<!-- Generated by org.testng.reporters.JUnitXMLReporter -->
<testsuite ignored="6" hostname="User-PC" failures="0" tests="4" name="Wrap Portal" time="271.729" errors="0" timestamp="2021-05-05T06:04:54 IST">
  <testcase classname="TestScript.AddUserTC" name="selectUserModule" time="70.385"/>
  <testcase classname="TestScript.AddCarrierTC" name="addCarrierTC" time="41.803"/>
  <testcase classname="TestScript.AddTradeTC" name="addTrade" time="22.849"/>
  <testcase classname="TestScript.AddWorkClassTC" name="addWorkClass" time="27.222"/>
  <testcase classname="GenericLibrary.BaseClass" name="@AfterSuite reportEnd" time="0.0">
    <ignored/>
  </testcase> <!-- @AfterSuite reportEnd -->
  <testcase classname="GenericLibrary.BaseClass" name="@AfterSuite reportEnd" time="0.0">
    <ignored/>
  </testcase> <!-- @AfterSuite reportEnd -->
  <testcase classname="GenericLibrary.BaseClass" name="@AfterSuite reportEnd" time="0.0">
    <ignored/>
  </testcase> <!-- @AfterSuite reportEnd -->
  <testcase classname="GenericLibrary.BaseClass" name="@BeforeSuite reportGenerate" time="0.0">
    <ignored/>
  </testcase> <!-- @BeforeSuite reportGenerate -->
  <testcase classname="GenericLibrary.BaseClass" name="@BeforeSuite reportGenerate" time="0.0">
    <ignored/>
  </testcase> <!-- @BeforeSuite reportGenerate -->
  <testcase classname="GenericLibrary.BaseClass" name="@BeforeSuite reportGenerate" time="0.0">
    <ignored/>
  </testcase> <!-- @BeforeSuite reportGenerate -->
</testsuite> <!-- Wrap Portal -->
